Determining if the pthread_create exist failed with the following output:
Change Dir: /home/lk/project/pcl_practice/pcl_segmentation/build/CMakeFiles/CMakeTmp

Run Build Command:"/usr/bin/make" "cmTC_95afc/fast"
/usr/bin/make -f CMakeFiles/cmTC_95afc.dir/build.make CMakeFiles/cmTC_95afc.dir/build
make[1]: Entering directory '/home/lk/project/pcl_practice/pcl_segmentation/build/CMakeFiles/CMakeTmp'
Building C object CMakeFiles/cmTC_95afc.dir/CheckSymbolExists.c.o
/usr/bin/cc    -o CMakeFiles/cmTC_95afc.dir/CheckSymbolExists.c.o   -c /home/lk/project/pcl_practice/pcl_segmentation/build/CMakeFiles/CMakeTmp/CheckSymbolExists.c
Linking C executable cmTC_95afc
/usr/local/bin/cmake -E cmake_link_script CMakeFiles/cmTC_95afc.dir/link.txt --verbose=1
/usr/bin/cc      -rdynamic CMakeFiles/cmTC_95afc.dir/CheckSymbolExists.c.o  -o cmTC_95afc 
CMakeFiles/cmTC_95afc.dir/CheckSymbolExists.c.o: In function `main':
CheckSymbolExists.c:(.text+0x16): undefined reference to `pthread_create'
collect2: error: ld returned 1 exit status
CMakeFiles/cmTC_95afc.dir/build.make:97: recipe for target 'cmTC_95afc' failed
make[1]: *** [cmTC_95afc] Error 1
make[1]: Leaving directory '/home/lk/project/pcl_practice/pcl_segmentation/build/CMakeFiles/CMakeTmp'
Makefile:126: recipe for target 'cmTC_95afc/fast' failed
make: *** [cmTC_95afc/fast] Error 2

File /home/lk/project/pcl_practice/pcl_segmentation/build/CMakeFiles/CMakeTmp/CheckSymbolExists.c:
/* */
#include <pthread.h>

int main(int argc, char** argv)
{
  (void)argv;
#ifndef pthread_create
  return ((int*)(&pthread_create))[argc];
#else
  (void)argc;
  return 0;
#endif
}

Determining if the function pthread_create exists in the pthreads failed with the following output:
Change Dir: /home/lk/project/pcl_practice/pcl_segmentation/build/CMakeFiles/CMakeTmp

Run Build Command:"/usr/bin/make" "cmTC_bf1cf/fast"
/usr/bin/make -f CMakeFiles/cmTC_bf1cf.dir/build.make CMakeFiles/cmTC_bf1cf.dir/build
make[1]: Entering directory '/home/lk/project/pcl_practice/pcl_segmentation/build/CMakeFiles/CMakeTmp'
Building C object CMakeFiles/cmTC_bf1cf.dir/CheckFunctionExists.c.o
/usr/bin/cc   -DCHECK_FUNCTION_EXISTS=pthread_create   -o CMakeFiles/cmTC_bf1cf.dir/CheckFunctionExists.c.o   -c /usr/local/share/cmake-3.8/Modules/CheckFunctionExists.c
Linking C executable cmTC_bf1cf
/usr/local/bin/cmake -E cmake_link_script CMakeFiles/cmTC_bf1cf.dir/link.txt --verbose=1
/usr/bin/cc  -DCHECK_FUNCTION_EXISTS=pthread_create    -rdynamic CMakeFiles/cmTC_bf1cf.dir/CheckFunctionExists.c.o  -o cmTC_bf1cf -lpthreads 
/usr/bin/ld: cannot find -lpthreads
collect2: error: ld returned 1 exit status
CMakeFiles/cmTC_bf1cf.dir/build.make:97: recipe for target 'cmTC_bf1cf' failed
make[1]: *** [cmTC_bf1cf] Error 1
make[1]: Leaving directory '/home/lk/project/pcl_practice/pcl_segmentation/build/CMakeFiles/CMakeTmp'
Makefile:126: recipe for target 'cmTC_bf1cf/fast' failed
make: *** [cmTC_bf1cf/fast] Error 2


